<?xml version="1.0" encoding="UTF-8"?>
<!-- Generated by org.testng.reporters.JUnitXMLReporter -->
<testsuite ignored="4" hostname="Jays-Mac-mini-3.local" failures="0" tests="7" name="Test" time="73.372" errors="0" timestamp="2024-08-06T11:39:22 IST">
  <testcase classname="com.TestClass.FillTheFormTest" name="To_Verify_LandingScreen" time="3.179"/>
  <testcase classname="com.TestClass.FillTheFormTest" name="To_Verify_Fill_PersonalInformation_With_Valid_Details" time="7.733"/>
  <testcase classname="com.TestClass.FillTheFormTest" name="To_Verify_Fill_LifeStyleInformation_With_Valid_Details" time="6.494"/>
  <testcase classname="com.TestClass.FillTheFormTest" name="To_Verify_Fill_HealthInformation_With_Valid_Details" time="6.762"/>
  <testcase classname="com.TestClass.FillTheFormTest" name="To_Verify_Fill_MedicalHistory_With_Valid_Details" time="9.347"/>
  <testcase classname="com.TestClass.FillTheFormTest" name="To_Verify_Fill_AdditionalInformation_With_Valid_Details" time="18.858"/>
  <testcase classname="com.TestClass.UploadYourReportTest" name="To_Verify_With_Upload_Valid_PDF_File" time="19.377"/>
  <testcase classname="com.deviceConfig.baseClass" name="@BeforeSuite Set_up" time="0.0">
    <ignored/>
  </testcase> <!-- @BeforeSuite Set_up -->
  <testcase classname="com.deviceConfig.baseClass" name="@BeforeTest initializeExtentReport" time="0.0">
    <ignored/>
  </testcase> <!-- @BeforeTest initializeExtentReport -->
  <testcase classname="com.deviceConfig.baseClass" name="@AfterTest flush" time="0.0">
    <ignored/>
  </testcase> <!-- @AfterTest flush -->
  <testcase classname="com.deviceConfig.baseClass" name="@AfterSuite clossApplitool" time="0.0">
    <ignored/>
  </testcase> <!-- @AfterSuite clossApplitool -->
</testsuite> <!-- Test -->
