<?xml version="1.0" encoding="UTF-8"?>
<testng-results ignored="4" total="11" passed="7" failed="0" skipped="0">
  <reporter-output>
  </reporter-output>
  <suite started-at="2024-08-06T11:38:09 IST" name="Suite" finished-at="2024-08-06T11:39:22 IST" duration-ms="73372">
    <groups>
    </groups>
    <test started-at="2024-08-06T11:38:09 IST" name="Test" finished-at="2024-08-06T11:39:22 IST" duration-ms="73372">
      <class name="com.TestClass.UploadYourReportTest">
        <test-method is-config="true" signature="initClassObject()[pri:0, instance:com.TestClass.UploadYourReportTest@4c60d6e9]" started-at="2024-08-06T11:39:02 IST" name="initClassObject" finished-at="2024-08-06T11:39:02 IST" duration-ms="8" status="PASS">
          <reporter-output>
          </reporter-output>
        </test-method> <!-- initClassObject -->
        <test-method signature="To_Verify_With_Upload_Valid_PDF_File()[pri:0, instance:com.TestClass.UploadYourReportTest@4c60d6e9]" started-at="2024-08-06T11:39:02 IST" name="To_Verify_With_Upload_Valid_PDF_File" finished-at="2024-08-06T11:39:21 IST" duration-ms="19377" status="PASS">
          <reporter-output>
          </reporter-output>
        </test-method> <!-- To_Verify_With_Upload_Valid_PDF_File -->
      </class> <!-- com.TestClass.UploadYourReportTest -->
      <class name="com.TestClass.FillTheFormTest">
        <test-method is-config="true" signature="Set_up()[pri:0, instance:com.TestClass.FillTheFormTest@712625fd]" started-at="2024-08-06T11:37:46 IST" name="Set_up" finished-at="2024-08-06T11:38:09 IST" duration-ms="22792" status="PASS">
          <reporter-output>
          </reporter-output>
        </test-method> <!-- Set_up -->
        <test-method is-config="true" signature="initializeExtentReport()[pri:0, instance:com.TestClass.FillTheFormTest@712625fd]" started-at="2024-08-06T11:38:09 IST" name="initializeExtentReport" finished-at="2024-08-06T11:38:09 IST" duration-ms="443" status="PASS">
          <reporter-output>
          </reporter-output>
        </test-method> <!-- initializeExtentReport -->
        <test-method is-config="true" signature="initClassObject()[pri:0, instance:com.TestClass.FillTheFormTest@712625fd]" started-at="2024-08-06T11:38:09 IST" name="initClassObject" finished-at="2024-08-06T11:38:09 IST" duration-ms="49" status="PASS">
          <reporter-output>
          </reporter-output>
        </test-method> <!-- initClassObject -->
        <test-method signature="To_Verify_LandingScreen()[pri:0, instance:com.TestClass.FillTheFormTest@712625fd]" started-at="2024-08-06T11:38:09 IST" name="To_Verify_LandingScreen" finished-at="2024-08-06T11:38:12 IST" duration-ms="3179" status="PASS">
          <reporter-output>
          </reporter-output>
        </test-method> <!-- To_Verify_LandingScreen -->
        <test-method signature="To_Verify_Fill_PersonalInformation_With_Valid_Details()[pri:1, instance:com.TestClass.FillTheFormTest@712625fd]" started-at="2024-08-06T11:38:12 IST" name="To_Verify_Fill_PersonalInformation_With_Valid_Details" finished-at="2024-08-06T11:38:20 IST" duration-ms="7733" status="PASS">
          <reporter-output>
          </reporter-output>
        </test-method> <!-- To_Verify_Fill_PersonalInformation_With_Valid_Details -->
        <test-method signature="To_Verify_Fill_LifeStyleInformation_With_Valid_Details()[pri:2, instance:com.TestClass.FillTheFormTest@712625fd]" started-at="2024-08-06T11:38:20 IST" name="To_Verify_Fill_LifeStyleInformation_With_Valid_Details" finished-at="2024-08-06T11:38:27 IST" duration-ms="6494" status="PASS">
          <reporter-output>
          </reporter-output>
        </test-method> <!-- To_Verify_Fill_LifeStyleInformation_With_Valid_Details -->
        <test-method signature="To_Verify_Fill_HealthInformation_With_Valid_Details()[pri:3, instance:com.TestClass.FillTheFormTest@712625fd]" started-at="2024-08-06T11:38:27 IST" name="To_Verify_Fill_HealthInformation_With_Valid_Details" finished-at="2024-08-06T11:38:33 IST" duration-ms="6762" status="PASS">
          <reporter-output>
          </reporter-output>
        </test-method> <!-- To_Verify_Fill_HealthInformation_With_Valid_Details -->
        <test-method signature="To_Verify_Fill_MedicalHistory_With_Valid_Details()[pri:4, instance:com.TestClass.FillTheFormTest@712625fd]" started-at="2024-08-06T11:38:33 IST" name="To_Verify_Fill_MedicalHistory_With_Valid_Details" finished-at="2024-08-06T11:38:43 IST" duration-ms="9347" status="PASS">
          <reporter-output>
          </reporter-output>
        </test-method> <!-- To_Verify_Fill_MedicalHistory_With_Valid_Details -->
        <test-method signature="To_Verify_Fill_AdditionalInformation_With_Valid_Details()[pri:6, instance:com.TestClass.FillTheFormTest@712625fd]" started-at="2024-08-06T11:38:43 IST" name="To_Verify_Fill_AdditionalInformation_With_Valid_Details" finished-at="2024-08-06T11:39:02 IST" duration-ms="18858" status="PASS">
          <reporter-output>
          </reporter-output>
        </test-method> <!-- To_Verify_Fill_AdditionalInformation_With_Valid_Details -->
        <test-method is-config="true" signature="flush()[pri:0, instance:com.TestClass.FillTheFormTest@712625fd]" started-at="2024-08-06T11:39:21 IST" name="flush" finished-at="2024-08-06T11:39:22 IST" duration-ms="1027" status="PASS">
          <reporter-output>
          </reporter-output>
        </test-method> <!-- flush -->
        <test-method is-config="true" signature="clossApplitool()[pri:0, instance:com.TestClass.FillTheFormTest@712625fd]" started-at="2024-08-06T11:39:22 IST" name="clossApplitool" finished-at="2024-08-06T11:39:23 IST" duration-ms="581" status="PASS">
          <reporter-output>
          </reporter-output>
        </test-method> <!-- clossApplitool -->
      </class> <!-- com.TestClass.FillTheFormTest -->
    </test> <!-- Test -->
  </suite> <!-- Suite -->
</testng-results>
